<?xml version="1.0" encoding="UTF-8"?>
<!-- Generated by org.testng.reporters.JUnitReportReporter -->
<testsuite skipped="0" hostname="P03326" name="uiTests.E2eOrder" tests="3" failures="0" timestamp="2019-12-16T14:47:51 GMT" time="111.066" errors="0">
  <testcase name="placeCrossSellOrder" time="31.197" classname="uiTests.E2eOrder"/>
  <testcase name="placeSinglelineOrder" time="34.991" classname="uiTests.E2eOrder"/>
  <testcase name="placeMultilineOrder" time="44.878" classname="uiTests.E2eOrder"/>
</testsuite> <!-- uiTests.E2eOrder -->
