<?xml version="1.0" encoding="UTF-8"?>
<!-- Generated by org.testng.reporters.JUnitReportReporter -->
<testsuite skipped="0" hostname="P03326" name="uiTests.WordpressUITests" tests="1" failures="0" timestamp="2019-12-16T14:47:51 GMT" time="2.415" errors="0">
  <testcase name="WordpressLoadsSuccessfully" time="2.415" classname="uiTests.WordpressUITests"/>
</testsuite> <!-- uiTests.WordpressUITests -->
