<?xml version="1.0" encoding="UTF-8"?>
<!-- Generated by org.testng.reporters.JUnitReportReporter -->
<testsuite skipped="0" hostname="P03326" name="UITests.EShopCustomerDetailsPageTests" tests="5" failures="0" timestamp="2019-11-07T12:01:11 GMT" time="16.251" errors="0">
  <testcase name="enterValidCustomerDetails" time="6.201" classname="UITests.EShopCustomerDetailsPageTests"/>
  <testcase name="enterEmailNegativeTest" time="2.137" classname="UITests.EShopCustomerDetailsPageTests"/>
  <testcase name="enterEmailNegativeTest" time="2.353" classname="UITests.EShopCustomerDetailsPageTests"/>
  <testcase name="enterEmailNegativeTest" time="2.993" classname="UITests.EShopCustomerDetailsPageTests"/>
  <testcase name="enterEmailNegativeTest" time="2.567" classname="UITests.EShopCustomerDetailsPageTests"/>
</testsuite> <!-- UITests.EShopCustomerDetailsPageTests -->
