<?xml version="1.0" encoding="UTF-8"?>
<!-- Generated by org.testng.reporters.JUnitReportReporter -->
<testsuite skipped="0" hostname="P03326" name="uiTests.ProcessLogistics" tests="6" failures="0" timestamp="2019-12-16T14:47:51 GMT" time="109.811" errors="0">
  <testcase name="provisioningCheckCrossSell" time="31.860" classname="uiTests.ProcessLogistics"/>
  <testcase name="provisioningCheckSingleline" time="0.183" classname="uiTests.ProcessLogistics"/>
  <testcase name="processMultilineLogistics" time="4.017" classname="uiTests.ProcessLogistics"/>
  <testcase name="processSinglelineLogistics" time="14.071" classname="uiTests.ProcessLogistics"/>
  <testcase name="processCrossSellLogistics" time="19.412" classname="uiTests.ProcessLogistics"/>
  <testcase name="provisioningCheckMultiline" time="40.268" classname="uiTests.ProcessLogistics"/>
</testsuite> <!-- uiTests.ProcessLogistics -->
