<?xml version="1.0" encoding="UTF-8"?>
<!-- Generated by org.testng.reporters.JUnitReportReporter -->
<testsuite skipped="0" hostname="P03326" name="uiTests.CustomerActionsTests" tests="2" failures="0" timestamp="2019-12-16T14:47:51 GMT" time="23.255" errors="0">
  <testcase name="completeSinglelineAccountSetUp" time="9.098" classname="uiTests.CustomerActionsTests"/>
  <testcase name="completeMultilineAccountSetUp" time="14.157" classname="uiTests.CustomerActionsTests"/>
</testsuite> <!-- uiTests.CustomerActionsTests -->
