<?xml version="1.0" encoding="UTF-8"?>
<!-- Generated by org.testng.reporters.JUnitReportReporter -->
<testsuite skipped="0" hostname="P03326" name="testNG.EShopOfferSelectionPageTests" tests="5" failures="0" timestamp="2019-10-30T16:16:41 GMT" time="5.053" errors="0">
  <testcase name="acceptCookies" time="1.623" classname="testNG.EShopOfferSelectionPageTests"/>
  <testcase name="addAnOffer" time="0.701" classname="testNG.EShopOfferSelectionPageTests"/>
  <testcase name="addAnotherOffer" time="1.382" classname="testNG.EShopOfferSelectionPageTests"/>
  <testcase name="deleteOfferLine2" time="0.670" classname="testNG.EShopOfferSelectionPageTests"/>
  <testcase name="deleteOfferLine1" time="0.677" classname="testNG.EShopOfferSelectionPageTests"/>
</testsuite> <!-- testNG.EShopOfferSelectionPageTests -->
