<?xml version="1.0" encoding="UTF-8"?>
<!-- Generated by org.testng.reporters.JUnitReportReporter -->
<testsuite skipped="0" hostname="P03326" name="testNG.EShopCustomerDetailsPageTests" tests="5" failures="0" timestamp="2019-10-30T16:16:41 GMT" time="21.596" errors="0">
  <testcase name="enterEmailNegativeTest" time="4.054" classname="testNG.EShopCustomerDetailsPageTests"/>
  <testcase name="enterEmailNegativeTest" time="4.475" classname="testNG.EShopCustomerDetailsPageTests"/>
  <testcase name="enterEmailNegativeTest" time="4.135" classname="testNG.EShopCustomerDetailsPageTests"/>
  <testcase name="enterEmailNegativeTest" time="4.829" classname="testNG.EShopCustomerDetailsPageTests"/>
  <testcase name="enterEmailNegativeTest" time="4.103" classname="testNG.EShopCustomerDetailsPageTests"/>
</testsuite> <!-- testNG.EShopCustomerDetailsPageTests -->
